Drill report for /home/majsterklepka/Dokumenty/Kicad/tea2025b_amp/tea2025b_amp.kicad_pcb
Created on czw, 28 lut 2019, 19:08:46

Copper Layer Stackup:
    =============================================================
    L1 :  F.Cu                      front
    L2 :  B.Cu                      back


Drill file 'tea2025b_amp-PTH.drl' contains
    plated through holes:
    =============================================================
    T1  0,70mm  0,028"  (6 holes)
    T2  0,80mm  0,031"  (30 holes)
    T3  1,00mm  0,039"  (1 hole)  (with 1 slot)
    T4  1,32mm  0,052"  (4 holes)
    T5  1,40mm  0,055"  (1 hole)  (with 1 slot)

    Total plated holes count 42


Drill file 'tea2025b_amp-NPTH.drl' contains
    unplated through holes:
    =============================================================
    T1  4,00mm  0,157"  (2 holes)

    Total unplated holes count 2
